2023-09-22 03:04:34.321 [info] Log level: Info
2023-09-22 03:04:34.321 [info] Validating found git in: "git"
2023-09-22 03:04:34.321 [info] Using git "2.39.2" from "git"
2023-09-22 03:04:34.321 [info] > git rev-parse --show-toplevel [5ms]
2023-09-22 03:04:34.322 [info] > git rev-parse --show-toplevel [19ms]
2023-09-22 03:04:34.348 [info] > git rev-parse --show-toplevel [4ms]
2023-09-22 03:04:34.384 [info] > git rev-parse --show-toplevel [18ms]
2023-09-22 03:04:34.418 [info] > git rev-parse --show-toplevel [19ms]
2023-09-22 03:04:34.427 [info] > git rev-parse --show-toplevel [2ms]
2023-09-22 03:04:34.436 [info] > git rev-parse --show-toplevel [1ms]
2023-09-22 03:04:34.446 [info] > git rev-parse --show-toplevel [2ms]
2023-09-22 03:04:34.549 [info] > git rev-parse --show-toplevel [2ms]
2023-09-22 03:04:34.778 [info] > git rev-parse --show-toplevel [2ms]
2023-09-22 03:04:40.300 [info] > git rev-parse --show-toplevel [5ms]
2023-09-22 03:04:44.930 [info] > git rev-parse --show-toplevel [2ms]
2023-09-22 03:04:44.939 [info] > git rev-parse --git-dir --git-common-dir [2ms]
2023-09-22 03:04:44.948 [info] Open repository: /home/chrig/School/CSE320/cmrosales
2023-09-22 03:04:44.966 [info] > git config --get commit.template [9ms]
2023-09-22 03:04:44.966 [info] > git for-each-ref --format=%(refname)%00%(upstream:short)%00%(objectname)%00%(upstream:track)%00%(upstream:remotename)%00%(upstream:remoteref) refs/heads/master refs/remotes/master [2ms]
2023-09-22 03:04:45.053 [info] > git status -z -uall [78ms]
2023-09-22 03:04:45.143 [info] > git config --get commit.template [30ms]
2023-09-22 03:04:45.157 [info] > git for-each-ref --format=%(refname)%00%(upstream:short)%00%(objectname)%00%(upstream:track)%00%(upstream:remotename)%00%(upstream:remoteref) refs/heads/master refs/remotes/master [3ms]
2023-09-22 03:04:45.170 [info] > git status -z -uall [4ms]
2023-09-22 03:04:45.397 [info] > git show --textconv :hw1/src/philo.c [14ms]
2023-09-22 03:04:45.398 [info] > git ls-files --stage -- /home/chrig/School/CSE320/cmrosales/hw1/src/philo.c [2ms]
2023-09-22 03:04:45.414 [info] > git cat-file -s 874641d178e9c057e7fc79e8a79803c659cdf993 [6ms]
2023-09-22 03:04:45.643 [info] > git check-ignore -v -z --stdin [1ms]
2023-09-22 03:04:46.045 [info] > git show --textconv :hw1/src/validargs.c [8ms]
2023-09-22 03:04:46.047 [info] > git ls-files --stage -- /home/chrig/School/CSE320/cmrosales/hw1/src/validargs.c [2ms]
2023-09-22 03:04:46.056 [info] > git cat-file -s 1676594da1c2354ecd0b31fdea31aa1bbd3d47c0 [2ms]
2023-09-22 03:07:09.346 [info] > git check-ignore -v -z --stdin [5ms]
2023-09-22 03:07:17.521 [info] > git config --get commit.template [12ms]
2023-09-22 03:07:17.522 [info] > git for-each-ref --format=%(refname)%00%(upstream:short)%00%(objectname)%00%(upstream:track)%00%(upstream:remotename)%00%(upstream:remoteref) refs/heads/master refs/remotes/master [2ms]
2023-09-22 03:07:17.532 [info] > git status -z -uall [3ms]
2023-09-22 03:07:19.241 [info] > git show --textconv :hw1/src/philo.c [8ms]
2023-09-22 03:07:19.242 [info] > git ls-files --stage -- /home/chrig/School/CSE320/cmrosales/hw1/src/philo.c [2ms]
2023-09-22 03:07:19.250 [info] > git cat-file -s 874641d178e9c057e7fc79e8a79803c659cdf993 [1ms]
