2023-09-22 02:58:10.063 [info] Extension host with pid 27253 started
2023-09-22 02:58:10.063 [info] Skipping acquiring lock for /home/chrig/.config/Code/User/workspaceStorage/19ad49c32706c97e50e2205dc3a1159e.
2023-09-22 02:58:10.191 [info] ExtensionService#_doActivateExtension vscode.github-authentication, startup: false, activationEvent: 'onAuthenticationRequest:github'
2023-09-22 02:58:10.411 [info] ExtensionService#_doActivateExtension vscode.git-base, startup: true, activationEvent: '*'
2023-09-22 02:58:10.430 [info] ExtensionService#_doActivateExtension vscode.github, startup: true, activationEvent: '*'
2023-09-22 02:58:10.508 [info] Eager extensions activated
2023-09-22 02:58:10.530 [info] ExtensionService#_doActivateExtension vscode.debug-auto-launch, startup: false, activationEvent: 'onStartupFinished'
2023-09-22 02:58:10.534 [info] ExtensionService#_doActivateExtension vscode.merge-conflict, startup: false, activationEvent: 'onStartupFinished'
2023-09-22 02:58:10.598 [info] ExtensionService#_doActivateExtension vscode.microsoft-authentication, startup: false, activationEvent: 'onAuthenticationRequest:microsoft'
2023-09-22 02:58:13.720 [info] ExtensionService#_doActivateExtension vscode.git, startup: false, activationEvent: 'api', root cause: vscode.github
2023-09-22 02:58:21.176 [info] ExtensionService#_doActivateExtension vscode.emmet, startup: false, activationEvent: 'onLanguage'
2023-09-22 02:58:31.742 [info] ExtensionService#_doActivateExtension ms-vscode.cpptools, startup: false, activationEvent: 'onLanguage:c'
2023-09-22 03:00:43.939 [info] ExtensionService#_doActivateExtension mechatroner.rainbow-csv, startup: false, activationEvent: 'onLanguage:plaintext'
2023-09-22 03:00:52.380 [info] ExtensionService#_doActivateExtension vscodevim.vim, startup: false, activationEvent: '*'
2023-09-22 03:00:53.520 [error] Error: ENOENT: no such file or directory, open '/home/chrig/.config/Code/User/globalStorage/vscodevim.vim/.registers'
2023-09-22 03:01:10.444 [info] ExtensionService#_doActivateExtension vscode.json-language-features, startup: false, activationEvent: 'onLanguage:jsonc'
2023-09-22 03:01:10.507 [info] ExtensionService#_doActivateExtension vscode.typescript-language-features, startup: false, activationEvent: 'onLanguage:jsonc'
2023-09-22 03:03:59.178 [info] Extension host terminating: renderer closed the MessagePort
2023-09-22 03:03:59.204 [error] Error: ENOENT: no such file or directory, open '/home/chrig/.config/Code/User/globalStorage/vscodevim.vim/.registers'
2023-09-22 03:04:04.201 [info] Extension host with pid 27253 exiting with code 0
