2023-09-22 11:53:34.407 [info] Executing :w
2023-09-22 11:57:34.745 [info] Active editor: file:///home/chrig/School/CSE320/cmrosales/hw1/rsrc/stark_familytree_dna.csv
2023-09-22 11:57:38.737 [info] Active editor: file:///home/chrig/School/CSE320/cmrosales/hw1/src/philo.c
2023-09-22 12:10:06.132 [info] Executing :w
2023-09-22 12:10:15.095 [warning] invalid cursor position. [[110, 24] | [110, 24]].
2023-09-22 12:10:21.287 [info] Executing :w
2023-09-22 12:10:37.487 [warning] invalid cursor position. [[110, 24] | [110, 24]].
2023-09-22 12:13:48.356 [info] Executing :w
2023-09-22 12:14:09.319 [info] Executing :w
2023-09-22 12:15:25.712 [info] Active editor: file:///home/chrig/School/CSE320/cmrosales/hw1/include/global.h
2023-09-22 12:15:25.837 [info] /home/chrig/School/CSE320/cmrosales/hw1/include/global.h closed
2023-09-22 12:15:30.079 [info] /home/chrig/School/CSE320/cmrosales/hw1/rsrc/stark_familytree_dna.csv closed
2023-09-22 12:15:30.079 [info] /home/chrig/School/CSE320/cmrosales/hw1/rsrc/stark_familytree_dna.csv.git closed
2023-09-22 12:15:30.096 [info] Active editor: file:///home/chrig/School/CSE320/cmrosales/hw1/src/main.c
2023-09-22 12:15:32.569 [info] /home/chrig/School/CSE320/cmrosales/hw1/src/main.c closed
2023-09-22 12:15:32.569 [info] /home/chrig/School/CSE320/cmrosales/hw1/src/main.c.git closed
2023-09-22 12:15:32.588 [info] Active editor: file:///home/chrig/School/CSE320/cmrosales/hw1/src/validargs.c
2023-09-22 12:15:38.241 [info] Active editor: file:///home/chrig/School/CSE320/cmrosales/hw1/src/philo.c
2023-09-22 12:15:40.186 [info] Active editor: file:///home/chrig/School/CSE320/cmrosales/hw1/include/global.h
2023-09-22 12:15:41.510 [info] Active editor: file:///home/chrig/School/CSE320/cmrosales/hw1/src/validargs.c
2023-09-22 12:15:44.877 [info] Active editor: file:///home/chrig/School/CSE320/cmrosales/hw1/src/philo.c
2023-09-22 12:18:15.092 [info] Active editor: file:///home/chrig/School/CSE320/cmrosales/hw1/include/global.h
2023-09-22 12:18:21.815 [info] Searching for input
2023-09-22 12:18:37.091 [info] Active editor: file:///home/chrig/School/CSE320/cmrosales/hw1/src/philo.c
2023-09-22 12:18:40.303 [info] Active editor: file:///home/chrig/School/CSE320/cmrosales/hw1/include/global.h
2023-09-22 12:18:54.592 [info] Active editor: file:///home/chrig/School/CSE320/cmrosales/hw1/src/philo.c
2023-09-22 12:19:13.153 [info] Active editor: file:///home/chrig/School/CSE320/cmrosales/hw1/include/global.h
2023-09-22 12:19:31.150 [info] Active editor: file:///home/chrig/School/CSE320/cmrosales/hw1/src/philo.c
2023-09-22 12:20:04.540 [info] Executing :w
2023-09-22 12:20:23.971 [info] /home/chrig/.config/Code/User/settings.json closed
2023-09-22 12:20:24.077 [info] Configuration changed
2023-09-22 12:20:24.139 [info] /home/chrig/.config/Code/User/settings.json closed
2023-09-22 12:20:24.164 [info] Configuration changed
2023-09-22 12:20:24.169 [info] /home/chrig/.config/Code/User/settings.json closed
2023-09-22 12:20:40.717 [info] /home/chrig/.config/Code/User/settings.json closed
2023-09-22 12:20:40.766 [info] Configuration changed
2023-09-22 12:20:40.840 [info] /home/chrig/.config/Code/User/settings.json closed
2023-09-22 12:20:40.873 [info] Configuration changed
2023-09-22 12:21:10.247 [info] Executing :w
2023-09-22 12:24:25.873 [info] Executing :w
2023-09-22 12:25:51.173 [info] Executing :w
2023-09-22 12:26:26.975 [info] Active editor: file:///home/chrig/School/CSE320/cmrosales/hw1/src/validargs.c
2023-09-22 12:26:40.223 [info] Active editor: file:///home/chrig/School/CSE320/cmrosales/hw1/src/philo.c
2023-09-22 12:28:10.329 [info] Executing :w
2023-09-22 12:28:18.435 [info] Active editor: file:///home/chrig/School/CSE320/cmrosales/hw1/src/validargs.c
2023-09-22 12:28:21.701 [info] Active editor: file:///home/chrig/School/CSE320/cmrosales/hw1/src/philo.c
2023-09-22 12:28:40.486 [info] Executing :w
2023-09-22 12:29:34.875 [info] Executing :w
2023-09-22 12:31:20.340 [info] Executing :w
2023-09-22 12:31:50.251 [info] Searching for values
2023-09-22 12:32:05.389 [info] Executing :w
2023-09-22 12:32:51.888 [info] Executing :w
2023-09-22 13:00:11.484 [info] Executing :w
2023-09-22 13:00:51.504 [info] Executing :w
2023-09-22 13:00:56.020 [info] Executing :w
2023-09-22 13:01:38.773 [info] Executing :w
2023-09-22 13:02:03.141 [info] Executing :w
2023-09-22 13:02:57.153 [info] Executing :w
2023-09-22 13:06:16.731 [info] Executing :w
2023-09-22 13:11:11.477 [warning] invalid cursor position. [[110, 24] | [110, 24]].
2023-09-22 13:17:44.458 [info] Executing :w
2023-09-22 13:21:43.492 [info] Executing :w
2023-09-22 13:21:56.923 [info] Executing :w
2023-09-22 13:28:19.919 [info] Executing :w
2023-09-22 13:29:13.048 [info] Executing :w
2023-09-22 13:29:30.728 [info] Executing :w
2023-09-22 13:29:34.273 [info] Executing :w
2023-09-22 13:29:44.315 [info] Executing :w
2023-09-22 13:30:36.280 [info] Executing :w
2023-09-22 13:32:04.957 [info] Executing :w
2023-09-22 13:33:28.668 [info] Executing :w
2023-09-22 13:34:38.247 [info] Searching for fgetc
2023-09-22 13:34:43.399 [info] Executing :w
2023-09-22 13:34:49.136 [info] Searching for fgetc
2023-09-22 13:35:13.201 [info] Executing :w
2023-09-22 13:35:53.414 [info] Executing :w
2023-09-22 13:36:31.645 [warning] invalid cursor position. [[134, 8] | [134, 8]].
2023-09-22 13:36:31.645 [warning] invalid cursor position. [[134, 8] | [134, 8]].
2023-09-22 13:36:35.104 [info] Executing :w
2023-09-22 13:36:45.453 [info] Executing :w
2023-09-22 13:38:12.444 [info] Executing :w
2023-09-22 13:39:10.714 [info] Active editor: file:///home/chrig/School/CSE320/cmrosales/hw1/src/validargs.c
2023-09-22 13:39:16.251 [info] Active editor: file:///home/chrig/School/CSE320/cmrosales/hw1/src/philo.c
2023-09-22 13:39:21.494 [info] Active editor: file:///home/chrig/School/CSE320/cmrosales/hw1/src/validargs.c
2023-09-22 13:39:23.366 [info] Active editor: file:///home/chrig/School/CSE320/cmrosales/hw1/src/philo.c
2023-09-22 13:39:26.443 [info] Active editor: file:///home/chrig/School/CSE320/cmrosales/hw1/src/validargs.c
2023-09-22 13:39:32.878 [info] Active editor: file:///home/chrig/School/CSE320/cmrosales/hw1/src/philo.c
2023-09-22 13:39:44.648 [info] Active editor: file:///home/chrig/School/CSE320/cmrosales/hw1/src/validargs.c
2023-09-22 13:39:47.505 [info] Active editor: file:///home/chrig/School/CSE320/cmrosales/hw1/include/global.h
2023-09-22 13:39:50.333 [info] /home/chrig/School/CSE320/cmrosales/hw1/src/validargs.c closed
2023-09-22 13:39:50.334 [info] /home/chrig/School/CSE320/cmrosales/hw1/src/validargs.c.git closed
2023-09-22 13:39:50.375 [info] Active editor: file:///home/chrig/School/CSE320/cmrosales/hw1/src/main.c
2023-09-22 13:41:32.567 [info] Executing :w
2023-09-22 13:41:35.470 [info] Executing :w
2023-09-22 13:42:21.700 [info] Executing :w
2023-09-22 13:42:59.645 [warning] invalid cursor position. [[8, 12] | [8, 12]].
2023-09-22 13:42:59.646 [warning] invalid cursor position. [[8, 12] | [8, 12]].
2023-09-22 13:43:34.425 [info] Executing :w
2023-09-22 13:43:37.452 [info] Active editor: file:///home/chrig/School/CSE320/cmrosales/hw1/include/global.h
2023-09-22 13:43:42.884 [info] Executing :w
2023-09-22 13:43:54.628 [info] Active editor: file:///home/chrig/School/CSE320/cmrosales/hw1/src/philo.c
2023-09-22 13:44:25.174 [info] Executing :w
2023-09-22 13:44:26.874 [info] Active editor: file:///home/chrig/School/CSE320/cmrosales/hw1/src/main.c
2023-09-22 13:45:09.118 [info] Executing :w
2023-09-22 13:45:15.724 [info] Active editor: file:///home/chrig/School/CSE320/cmrosales/hw1/src/philo.c
2023-09-22 13:46:50.585 [info] Executing :w
2023-09-22 13:48:13.238 [warning] invalid cursor position. [[59, 8] | [59, 8]].
2023-09-22 13:48:26.948 [info] Executing :w
2023-09-22 13:48:57.865 [info] Executing :w
2023-09-22 13:49:07.429 [info] /home/chrig/.config/Code/User/settings.json closed
2023-09-22 13:49:07.489 [info] Configuration changed
2023-09-22 13:49:07.572 [info] /home/chrig/.config/Code/User/settings.json closed
2023-09-22 13:49:07.598 [info] Configuration changed
2023-09-22 13:49:07.768 [info] /home/chrig/.config/Code/User/settings.json closed
2023-09-22 13:49:07.808 [info] Configuration changed
2023-09-22 13:49:28.322 [warning] invalid cursor position. [[59, 8] | [59, 8]].
2023-09-22 13:49:50.478 [info] Executing :w
2023-09-22 13:50:09.916 [info] Executing :w
2023-09-22 13:50:28.290 [info] Executing :w
2023-09-22 13:50:35.627 [info] Active editor: file:///home/chrig/School/CSE320/cmrosales/hw1/rsrc/wikipedia.csv
2023-09-22 13:50:41.954 [info] Active editor: file:///home/chrig/School/CSE320/cmrosales/hw1/src/philo.c
2023-09-22 13:51:17.331 [info] Active editor: file:///home/chrig/School/CSE320/cmrosales/hw1/rsrc/wikipedia.csv
2023-09-22 13:51:25.109 [info] Active editor: file:///home/chrig/School/CSE320/cmrosales/hw1/src/philo.c
2023-09-22 13:51:43.716 [info] Executing :w
2023-09-22 13:52:01.842 [info] Active editor: file:///home/chrig/School/CSE320/cmrosales/hw1/rsrc/wikipedia.csv
2023-09-22 13:52:26.763 [info] Active editor: file:///home/chrig/School/CSE320/cmrosales/hw1/src/philo.c
2023-09-22 13:55:17.520 [info] Active editor: file:///home/chrig/School/CSE320/cmrosales/hw1/rsrc/wikipedia.csv
2023-09-22 13:55:56.347 [info] Active editor: file:///home/chrig/School/CSE320/cmrosales/hw1/src/main.c
2023-09-22 13:56:05.487 [info] Active editor: file:///home/chrig/School/CSE320/cmrosales/hw1/src/philo.c
2023-09-22 13:59:43.250 [info] Active editor: file:///home/chrig/School/CSE320/cmrosales/hw1/rsrc/wikipedia.csv
2023-09-22 14:00:12.145 [info] Executing :w
2023-09-22 14:00:25.800 [info] Active editor: file:///home/chrig/School/CSE320/cmrosales/hw1/src/philo.c
2023-09-22 14:07:46.683 [info] /home/chrig/.config/Code/User/settings.json closed
2023-09-22 14:07:46.722 [info] Configuration changed
2023-09-22 14:07:46.853 [info] /home/chrig/.config/Code/User/settings.json closed
2023-09-22 14:07:46.882 [info] Configuration changed
2023-09-22 14:09:05.787 [info] Active editor: file:///home/chrig/School/CSE320/cmrosales/hw1/rsrc/stark_familytree_dna.csv
2023-09-22 14:10:09.623 [info] Active editor: file:///home/chrig/School/CSE320/cmrosales/hw1/rsrc/wikipedia.csv
2023-09-22 14:14:15.617 [info] Active editor: file:///home/chrig/School/CSE320/cmrosales/hw1/src/main.c
2023-09-22 14:14:16.302 [info] Active editor: file:///home/chrig/School/CSE320/cmrosales/hw1/include/global.h
2023-09-22 14:14:18.100 [info] Active editor: file:///home/chrig/School/CSE320/cmrosales/hw1/src/main.c
2023-09-22 14:14:24.067 [info] Active editor: file:///home/chrig/School/CSE320/cmrosales/hw1/src/philo.c
2023-09-22 14:17:40.568 [info] Executing :w
2023-09-22 14:17:50.216 [info] Executing :w
2023-09-22 14:18:35.296 [info] Executing :w
2023-09-22 14:18:38.287 [info] Executing :w
2023-09-22 14:19:19.364 [info] Executing :w
2023-09-22 14:20:49.172 [info] Executing :w
2023-09-22 14:21:54.883 [info] Executing :w
2023-09-22 14:22:04.073 [info] Executing :w
2023-09-22 14:23:35.964 [info] Executing :w
2023-09-22 14:24:20.371 [info] Executing :w
2023-09-22 14:26:32.416 [info] Executing :w
2023-09-22 14:26:42.542 [info] Executing :w
2023-09-22 14:27:42.560 [info] Executing :w
2023-09-22 14:35:20.492 [info] Executing :w
2023-09-22 14:35:27.338 [info] Active editor: file:///home/chrig/School/CSE320/cmrosales/hw1/rsrc/wikipedia.csv
2023-09-22 14:35:58.376 [info] Active editor: file:///home/chrig/School/CSE320/cmrosales/hw1/src/philo.c
2023-09-22 14:37:28.755 [info] Executing :w
2023-09-22 14:46:28.521 [info] Active editor: file:///home/chrig/School/CSE320/cmrosales/hw1/rsrc/wikipedia.csv
2023-09-22 14:46:35.900 [info] Active editor: file:///home/chrig/School/CSE320/cmrosales/hw1/src/philo.c
2023-09-22 14:51:44.494 [info] Executing :w
2023-09-25 11:57:42.880 [info] Active editor: file:///home/chrig/School/CSE320/cmrosales/hw1/rsrc/stark_familytree_dna.csv
2023-09-25 11:57:43.787 [info] Active editor: file:///home/chrig/School/CSE320/cmrosales/hw1/rsrc/wikipedia.csv
2023-09-25 11:58:20.540 [info] Active editor: file:///home/chrig/School/CSE320/cmrosales/hw1/src/philo.c
2023-09-25 12:00:31.626 [info] Executing :w
2023-09-25 12:01:21.436 [info] Searching for c is equal
2023-09-25 12:01:44.190 [info] Executing :w
2023-09-25 12:01:52.359 [info] Searching for printf
2023-09-25 12:03:07.613 [info] Executing :w
2023-09-25 12:03:12.762 [info] Executing :w
2023-09-25 12:07:13.952 [info] Executing :w
2023-09-25 12:07:41.014 [info] Active editor: file:///home/chrig/School/CSE320/cmrosales/hw1/rsrc/wikipedia.csv
2023-09-25 12:08:15.033 [info] Active editor: file:///home/chrig/School/CSE320/cmrosales/hw1/src/philo.c
2023-09-25 12:09:12.291 [info] Executing :w
2023-09-25 12:09:37.657 [info] Active editor: file:///home/chrig/School/CSE320/cmrosales/hw1/rsrc/wikipedia.csv
2023-09-25 12:09:44.098 [info] Active editor: file:///home/chrig/School/CSE320/cmrosales/hw1/src/philo.c
2023-09-25 12:13:16.144 [info] Executing :w
2023-09-25 12:15:12.540 [info] Executing :w
2023-09-25 12:16:52.899 [info] Executing :w
2023-09-25 12:18:11.490 [info] Active editor: file:///home/chrig/School/CSE320/cmrosales/hw1/rsrc/stark_familytree_dna.csv
2023-09-25 12:18:12.396 [info] Active editor: file:///home/chrig/School/CSE320/cmrosales/hw1/rsrc/wikipedia.csv
2023-09-25 12:18:24.814 [info] Active editor: file:///home/chrig/School/CSE320/cmrosales/hw1/src/philo.c
2023-09-25 12:19:13.082 [info] Active editor: file:///home/chrig/School/CSE320/cmrosales/hw1/rsrc/wikipedia.csv
2023-09-25 12:19:18.499 [info] Active editor: file:///home/chrig/School/CSE320/cmrosales/hw1/src/philo.c
2023-09-25 12:20:59.506 [info] Executing :w
2023-09-25 12:21:07.228 [warning] invalid cursor position. [[63, 8] | [63, 8]].
2023-09-25 12:21:22.470 [info] Executing :w
2023-09-25 12:21:45.444 [info] Executing :w
2023-09-25 12:22:08.130 [info] Executing :w
2023-09-25 12:22:39.066 [info] Active editor: file:///home/chrig/School/CSE320/cmrosales/hw1/rsrc/wikipedia.csv
2023-09-25 12:23:57.672 [info] Active editor: file:///home/chrig/School/CSE320/cmrosales/hw1/src/philo.c
2023-09-25 12:25:44.950 [info] Executing :w
2023-09-25 12:26:57.635 [info] Executing :w
2023-09-25 12:26:58.625 [info] Executing :w
2023-09-25 12:27:08.504 [info] Executing :w
2023-09-25 12:27:26.847 [info] Active editor: file:///home/chrig/School/CSE320/cmrosales/hw1/rsrc/stark_familytree_dna.csv
2023-09-25 12:27:35.273 [info] Active editor: file:///home/chrig/School/CSE320/cmrosales/hw1/src/philo.c
2023-09-25 12:27:56.479 [warning] invalid cursor position. [[74, 4] | [74, 4]].
2023-09-25 12:29:49.715 [info] Active editor: file:///home/chrig/School/CSE320/cmrosales/hw1/rsrc/wikipedia.csv
2023-09-25 12:29:51.053 [info] Active editor: file:///home/chrig/School/CSE320/cmrosales/hw1/rsrc/stark_familytree_dna.csv
2023-09-25 12:30:02.982 [info] Active editor: file:///home/chrig/School/CSE320/cmrosales/hw1/src/philo.c
2023-09-25 12:33:11.001 [info] Active editor: file:///home/chrig/School/CSE320/cmrosales/hw1/rsrc/wikipedia.csv
2023-09-25 12:33:12.381 [info] Active editor: file:///home/chrig/School/CSE320/cmrosales/hw1/rsrc/stark_familytree_dna.csv
2023-09-25 12:33:27.686 [info] Active editor: file:///home/chrig/School/CSE320/cmrosales/hw1/src/philo.c
2023-09-25 12:34:47.768 [info] /home/chrig/School/CSE320/cmrosales/hw1/rsrc/stark_familytree_dna.csv closed
2023-09-25 12:34:47.768 [info] /home/chrig/School/CSE320/cmrosales/hw1/rsrc/stark_familytree_dna.csv.git closed
2023-09-25 12:34:47.794 [info] Active editor: file:///home/chrig/School/CSE320/cmrosales/hw1/rsrc/saitou_nei.csv
2023-09-25 12:34:49.456 [info] /home/chrig/School/CSE320/cmrosales/hw1/rsrc/saitou_nei.csv closed
2023-09-25 12:34:49.457 [info] /home/chrig/School/CSE320/cmrosales/hw1/rsrc/saitou_nei.csv.git closed
2023-09-25 12:34:49.475 [info] Active editor: file:///home/chrig/School/CSE320/cmrosales/hw1/rsrc/harrison2.csv
2023-09-25 12:34:51.417 [info] /home/chrig/School/CSE320/cmrosales/hw1/rsrc/harrison2.csv closed
2023-09-25 12:34:51.417 [info] /home/chrig/School/CSE320/cmrosales/hw1/rsrc/harrison2.csv.git closed
2023-09-25 12:34:51.433 [info] Active editor: file:///home/chrig/School/CSE320/cmrosales/hw1/rsrc/harrison1.csv
2023-09-25 12:34:52.527 [info] /home/chrig/School/CSE320/cmrosales/hw1/rsrc/harrison1.csv closed
2023-09-25 12:34:52.527 [info] /home/chrig/School/CSE320/cmrosales/hw1/rsrc/harrison1.csv.git closed
2023-09-25 12:34:52.544 [info] Active editor: file:///home/chrig/School/CSE320/cmrosales/hw1/rsrc/stark_familytree_dna.csv
2023-09-25 12:34:53.664 [info] Active editor: file:///home/chrig/School/CSE320/cmrosales/hw1/rsrc/wikipedia.csv
2023-09-25 12:34:54.842 [info] Active editor: file:///home/chrig/School/CSE320/cmrosales/hw1/src/philo.c
2023-09-25 12:36:05.337 [info] Executing :w
2023-09-25 12:36:21.254 [info] Executing :w
2023-09-25 12:36:26.625 [info] Executing :w
2023-09-25 12:36:33.543 [info] Executing :w
2023-09-25 12:37:21.539 [info] Executing :w
2023-09-25 12:38:02.357 [info] Active editor: file:///home/chrig/School/CSE320/cmrosales/hw1/rsrc/stark_familytree_dna.csv
2023-09-25 12:38:05.115 [info] Active editor: file:///home/chrig/School/CSE320/cmrosales/hw1/rsrc/wikipedia.csv
2023-09-25 12:38:06.182 [info] Active editor: file:///home/chrig/School/CSE320/cmrosales/hw1/src/philo.c
2023-09-25 12:38:10.155 [info] Executing :w
2023-09-25 12:38:14.877 [info] Searching for separators
2023-09-25 12:38:30.851 [info] Executing :w
2023-09-25 12:39:09.842 [info] Executing :w
2023-09-25 12:39:25.386 [info] Searching for parsed
2023-09-25 12:39:29.932 [info] Searching for parsed
2023-09-25 12:40:45.868 [info] Executing :w
2023-09-25 12:43:36.359 [info] Executing :w
2023-09-25 12:44:11.126 [info] Executing :w
2023-09-25 12:44:26.461 [info] Executing :w
2023-09-25 12:44:32.174 [info] Active editor: file:///home/chrig/School/CSE320/cmrosales/hw1/rsrc/wikipedia.csv
2023-09-25 12:44:34.531 [info] Active editor: file:///home/chrig/School/CSE320/cmrosales/hw1/src/philo.c
2023-09-25 12:45:37.083 [info] Executing :w
2023-09-25 12:46:27.629 [info] Executing :w
2023-09-25 12:46:29.708 [info] Executing :w
2023-09-25 12:48:00.500 [info] Executing :w
2023-09-25 12:48:39.261 [info] Executing :w
2023-09-25 12:48:57.838 [info] Active editor: file:///home/chrig/School/CSE320/cmrosales/hw1/src/main.c
2023-09-25 12:48:59.541 [info] Active editor: file:///home/chrig/School/CSE320/cmrosales/hw1/src/philo.c
2023-09-25 12:49:05.252 [info] Active editor: file:///home/chrig/School/CSE320/cmrosales/hw1/include/global.h
2023-09-25 12:49:12.225 [info] Searching for input_buffer
2023-09-25 12:49:24.357 [info] Active editor: file:///home/chrig/School/CSE320/cmrosales/hw1/src/philo.c
2023-09-25 12:52:06.836 [info] Executing :w
2023-09-25 12:57:00.365 [info] Executing :w
2023-09-25 13:00:12.727 [info] Searching for node_names
2023-09-25 13:03:07.684 [info] Active editor: file:///home/chrig/School/CSE320/cmrosales/hw1/rsrc/stark_familytree_dna.csv
2023-09-25 13:03:11.089 [info] Active editor: file:///home/chrig/School/CSE320/cmrosales/hw1/src/philo.c
2023-09-25 13:03:56.424 [info] Executing :w
2023-09-25 13:04:42.332 [info] Executing :w
2023-09-25 13:05:14.056 [warning] invalid cursor position. [[80, 12] | [80, 12]].
2023-09-25 13:05:25.650 [info] Executing :w
2023-09-25 13:05:38.430 [info] Executing :w
2023-09-25 13:06:50.134 [info] Executing :w
2023-09-25 13:06:59.491 [info] Executing :w
2023-09-25 13:07:12.858 [info] Executing :w
2023-09-25 13:07:25.205 [info] Executing :w
2023-09-25 13:07:39.035 [info] Executing :w
2023-09-25 13:08:05.824 [info] Executing :w
2023-09-25 13:09:18.639 [info] Executing :w
2023-09-25 13:09:23.554 [info] Executing :w
2023-09-25 13:09:27.455 [info] Executing :w
2023-09-25 13:10:14.673 [info] Executing :w
2023-09-25 13:11:00.090 [info] Executing :w
2023-09-25 13:11:46.837 [info] Executing :w
2023-09-25 13:12:53.766 [warning] invalid cursor position. [[76, 16] | [76, 16]].
2023-09-25 13:13:00.809 [info] Executing :w
2023-09-25 13:13:16.178 [info] Executing :w
2023-09-25 13:14:01.404 [info] Executing :w
2023-09-25 13:14:45.265 [info] Executing :w
2023-09-25 13:15:09.902 [info] Executing :w
2023-09-25 13:15:21.412 [info] Executing :w
2023-09-25 13:15:48.768 [info] Executing :w
2023-09-25 13:15:53.222 [info] Executing :w
2023-09-25 13:16:45.408 [info] Executing :w
2023-09-25 13:17:07.439 [info] Executing :w
2023-09-25 13:19:03.565 [info] Executing :w
2023-09-25 13:19:18.468 [info] Active editor: file:///home/chrig/School/CSE320/cmrosales/hw1/include/global.h
2023-09-25 13:19:20.301 [info] Active editor: file:///home/chrig/School/CSE320/cmrosales/hw1/src/philo.c
2023-09-25 13:19:34.729 [info] Executing :w
2023-09-25 13:19:48.271 [info] Executing :w
2023-09-25 13:20:14.394 [info] Executing :w
2023-09-25 13:20:39.746 [info] Executing :w
2023-09-25 13:20:44.221 [info] Executing :w
2023-09-25 13:21:28.543 [info] Executing :w
2023-09-25 13:24:21.533 [info] Executing :w
2023-09-25 13:24:31.872 [info] Active editor: file:///home/chrig/School/CSE320/cmrosales/hw1/rsrc/wikipedia.csv
2023-09-25 13:24:35.077 [info] Active editor: file:///home/chrig/School/CSE320/cmrosales/hw1/src/philo.c
2023-09-25 13:24:42.829 [info] Executing :w
2023-09-25 13:25:03.768 [info] Active editor: file:///home/chrig/School/CSE320/cmrosales/hw1/rsrc/wikipedia.csv
2023-09-25 13:25:05.801 [info] Active editor: file:///home/chrig/School/CSE320/cmrosales/hw1/src/philo.c
2023-09-25 13:25:59.944 [info] Active editor: file:///home/chrig/School/CSE320/cmrosales/hw1/rsrc/wikipedia.csv
2023-09-25 13:26:06.759 [info] Active editor: file:///home/chrig/School/CSE320/cmrosales/hw1/src/philo.c
2023-09-25 13:27:11.744 [info] Executing :w
2023-09-25 13:27:24.364 [info] Executing :w
2023-09-25 13:28:06.104 [info] Searching for fgetc
2023-09-25 13:28:31.896 [info] Executing :w
2023-09-25 13:30:05.987 [info] Executing :w
2023-09-25 13:30:52.436 [info] Executing :w
2023-09-25 13:31:11.101 [info] Executing :w
2023-09-25 13:37:40.004 [info] Executing :w
2023-09-25 13:37:58.123 [info] Executing :w
2023-09-25 13:40:08.688 [info] Executing :w
2023-09-25 13:40:48.866 [info] Executing :w
2023-09-25 13:41:02.145 [info] Executing :w
2023-09-25 13:41:15.904 [info] Active editor: file:///home/chrig/School/CSE320/cmrosales/hw1/rsrc/wikipedia.csv
2023-09-25 13:41:22.691 [info] Executing :w
2023-09-25 13:41:25.540 [info] Active editor: file:///home/chrig/School/CSE320/cmrosales/hw1/src/philo.c
2023-09-25 13:41:37.342 [info] Executing :w
2023-09-25 13:41:54.261 [info] Active editor: file:///home/chrig/School/CSE320/cmrosales/hw1/rsrc/wikipedia.csv
2023-09-25 13:41:55.777 [info] Active editor: file:///home/chrig/School/CSE320/cmrosales/hw1/src/philo.c
2023-09-25 13:41:56.915 [info] Active editor: file:///home/chrig/School/CSE320/cmrosales/hw1/rsrc/wikipedia.csv
2023-09-25 13:42:00.977 [info] Executing :w
2023-09-25 13:42:09.917 [info] Active editor: file:///home/chrig/School/CSE320/cmrosales/hw1/src/philo.c
2023-09-25 13:44:21.525 [info] Executing :w
2023-09-25 13:45:41.142 [info] Executing :w
2023-09-25 13:48:22.418 [info] Executing :w
2023-09-25 13:49:37.317 [info] Active editor: file:///home/chrig/School/CSE320/cmrosales/hw1/rsrc/wikipedia.csv
2023-09-25 13:49:39.184 [info] Active editor: file:///home/chrig/School/CSE320/cmrosales/hw1/src/philo.c
2023-09-25 13:49:45.499 [info] Active editor: file:///home/chrig/School/CSE320/cmrosales/hw1/rsrc/wikipedia.csv
2023-09-25 13:49:47.566 [info] Active editor: file:///home/chrig/School/CSE320/cmrosales/hw1/src/philo.c
2023-09-25 13:50:47.130 [info] Executing :w
2023-09-25 13:51:34.959 [info] Executing :w
2023-09-25 13:51:58.631 [info] Executing :w
2023-09-25 13:55:21.931 [info] Executing :w
2023-09-25 13:56:02.731 [info] Executing :w
2023-09-25 13:56:52.758 [info] Executing :w
2023-09-25 13:58:56.925 [info] Executing :w
2023-09-25 13:59:06.063 [info] Executing :w
2023-09-25 13:59:54.900 [info] Executing :w
2023-09-25 14:00:12.116 [info] Executing :w
2023-09-25 14:01:03.035 [info] Executing :w
2023-09-25 14:01:44.251 [info] Executing :w
2023-09-25 14:01:57.180 [info] Searching for print
2023-09-25 14:02:30.531 [info] Executing :w
2023-09-25 14:02:42.929 [info] Executing :w
2023-09-25 14:03:05.849 [info] Executing :w
2023-09-25 14:06:00.056 [info] Executing :w
2023-09-25 14:06:37.526 [info] Executing :w
2023-09-25 14:06:46.759 [info] Active editor: file:///home/chrig/School/CSE320/cmrosales/hw1/src/main.c
2023-09-25 14:06:48.499 [info] Active editor: file:///home/chrig/School/CSE320/cmrosales/hw1/rsrc/stark_familytree_dna.csv
2023-09-25 14:06:49.207 [info] Active editor: file:///home/chrig/School/CSE320/cmrosales/hw1/rsrc/wikipedia.csv
2023-09-25 14:07:00.872 [info] Active editor: file:///home/chrig/School/CSE320/cmrosales/hw1/src/philo.c
2023-09-25 14:08:43.736 [warning] invalid cursor position. [[121, 24] | [121, 24]].
2023-09-25 14:08:48.317 [info] Executing :w
2023-09-25 14:09:02.874 [info] Executing :w
2023-09-25 14:09:10.804 [info] Executing :w
2023-09-25 14:09:27.226 [info] Executing :w
2023-09-25 14:11:56.425 [info] Executing :w
2023-09-25 14:12:39.853 [info] Executing :w
2023-09-25 14:13:54.616 [info] Executing :w
2023-09-25 14:18:40.337 [info] Executing :w
2023-09-25 14:19:13.217 [info] Executing :w
2023-09-25 14:19:19.929 [info] Executing :w
2023-09-25 14:20:28.459 [info] Active editor: file:///home/chrig/School/CSE320/cmrosales/hw1/rsrc/wikipedia.csv
2023-09-25 14:21:56.519 [info] Active editor: file:///home/chrig/School/CSE320/cmrosales/hw1/src/philo.c
2023-09-25 14:22:12.764 [info] Executing :w
2023-09-25 14:24:06.621 [info] Searching for active_node
2023-09-25 14:25:06.831 [info] Executing :w
2023-09-25 14:25:24.309 [info] Executing :w
2023-09-25 14:25:57.772 [info] Executing :w
2023-09-25 14:26:08.824 [info] Active editor: file:///home/chrig/School/CSE320/cmrosales/hw1/rsrc/wikipedia.csv
2023-09-25 14:26:38.645 [info] Active editor: file:///home/chrig/School/CSE320/cmrosales/hw1/rsrc/stark_familytree_dna.csv
2023-09-25 14:26:42.823 [info] Active editor: file:///home/chrig/School/CSE320/cmrosales/hw1/src/philo.c
2023-09-25 14:26:47.716 [info] Executing :w
2023-09-25 14:27:14.528 [info] Executing :w
2023-09-25 14:27:34.586 [info] Executing :w
2023-09-25 14:29:24.272 [info] Executing :w
2023-09-25 14:29:32.499 [info] Executing :w
2023-09-25 14:29:59.628 [info] Active editor: file:///home/chrig/School/CSE320/cmrosales/hw1/rsrc/wikipedia.csv
2023-09-25 14:30:21.172 [info] Active editor: file:///home/chrig/School/CSE320/cmrosales/hw1/src/philo.c
2023-09-25 14:31:19.603 [info] Executing :w
2023-09-25 14:31:42.250 [info] Executing :w
2023-09-25 14:32:02.525 [info] Executing :w
2023-09-25 14:32:14.960 [info] /usr/include/stdio.h closed
2023-09-25 14:32:16.028 [info] Executing :w
2023-09-25 14:33:19.498 [warning] invalid cursor position. [[74, 8] | [74, 8]].
2023-09-25 14:33:39.068 [info] Executing :w
2023-09-25 14:33:52.710 [info] Executing :w
2023-09-25 14:34:07.127 [info] Executing :w
2023-09-25 14:35:53.343 [info] Executing :w
2023-09-25 14:35:59.844 [info] Executing :w
2023-09-25 14:37:07.699 [info] Executing :w
2023-09-25 14:37:13.918 [info] Executing :w
2023-09-25 14:37:29.594 [info] Executing :w
2023-09-25 14:39:04.852 [info] Executing :w
2023-09-25 14:49:47.782 [info] Searching for rows
2023-09-25 14:51:52.805 [info] Executing :w
2023-09-25 14:53:06.366 [info] Executing :w
2023-09-25 14:53:45.442 [info] Executing :w
2023-09-25 14:54:25.994 [info] Executing :w
2023-09-25 14:55:21.851 [info] Executing :w
2023-09-25 14:56:32.225 [info] Executing :w
2023-09-25 14:56:39.803 [info] Executing :w
2023-09-25 14:57:06.315 [info] Executing :w
2023-09-25 14:57:16.574 [info] Executing :w
2023-09-25 14:57:37.086 [info] Executing :w
2023-09-25 14:57:43.843 [info] Active editor: file:///home/chrig/School/CSE320/cmrosales/hw1/rsrc/wikipedia.csv
2023-09-25 14:58:13.621 [info] Executing :w
2023-09-25 14:58:26.589 [info] Executing :w
2023-09-25 14:58:27.885 [info] Active editor: file:///home/chrig/School/CSE320/cmrosales/hw1/src/philo.c
2023-09-25 14:59:10.447 [info] Active editor: file:///home/chrig/School/CSE320/cmrosales/hw1/rsrc/stark_familytree_dna.csv
2023-09-25 14:59:23.772 [info] Active editor: file:///home/chrig/School/CSE320/cmrosales/hw1/src/philo.c
2023-09-25 14:59:39.884 [info] Active editor: file:///home/chrig/School/CSE320/cmrosales/hw1/rsrc/stark_familytree_dna.csv
2023-09-25 14:59:57.184 [info] Active editor: file:///home/chrig/School/CSE320/cmrosales/hw1/src/philo.c
2023-09-25 15:00:02.687 [info] Active editor: file:///home/chrig/School/CSE320/cmrosales/hw1/rsrc/stark_familytree_dna.csv
2023-09-25 15:00:08.085 [info] Active editor: file:///home/chrig/School/CSE320/cmrosales/hw1/src/philo.c
2023-09-25 15:00:13.085 [info] Active editor: file:///home/chrig/School/CSE320/cmrosales/hw1/rsrc/stark_familytree_dna.csv
2023-09-25 15:00:14.103 [info] Active editor: file:///home/chrig/School/CSE320/cmrosales/hw1/src/philo.c
2023-09-25 15:02:18.228 [info] Executing :w
2023-09-25 15:02:27.742 [info] Active editor: file:///home/chrig/School/CSE320/cmrosales/hw1/rsrc/stark_familytree_dna.csv
2023-09-25 15:02:56.569 [info] Active editor: file:///home/chrig/School/CSE320/cmrosales/hw1/src/philo.c
2023-09-25 15:03:40.808 [info] Executing :w
2023-09-25 15:03:53.036 [info] Active editor: file:///home/chrig/School/CSE320/cmrosales/hw1/rsrc/stark_familytree_dna.csv
2023-09-25 15:04:34.566 [info] Active editor: file:///home/chrig/School/CSE320/cmrosales/hw1/src/philo.c
2023-09-25 15:04:51.839 [info] Executing :w
2023-09-25 15:05:44.419 [info] Active editor: file:///home/chrig/School/CSE320/cmrosales/hw1/rsrc/stark_familytree_dna.csv
2023-09-25 15:06:07.368 [info] Searching for 1.648
2023-09-25 15:08:34.509 [info] Active editor: file:///home/chrig/School/CSE320/cmrosales/hw1/src/philo.c
2023-09-25 15:09:43.591 [info] Active editor: file:///home/chrig/School/CSE320/cmrosales/hw1/rsrc/stark_familytree_dna.csv
2023-09-25 15:10:17.310 [info] Active editor: file:///home/chrig/School/CSE320/cmrosales/hw1/rsrc/wikipedia.csv
2023-09-25 15:10:29.497 [info] Active editor: file:///home/chrig/School/CSE320/cmrosales/hw1/rsrc/something.csv
2023-09-25 15:10:35.762 [info] Searching for ,
2023-09-25 15:10:44.533 [info] Active editor: file:///home/chrig/School/CSE320/cmrosales/hw1/rsrc/wikipedia.csv
2023-09-25 15:10:45.987 [info] Active editor: file:///home/chrig/School/CSE320/cmrosales/hw1/rsrc/stark_familytree_dna.csv
2023-09-25 15:10:52.906 [info] Active editor: file:///home/chrig/School/CSE320/cmrosales/hw1/rsrc/something.csv
2023-09-25 15:10:59.518 [info] Searching for ,
2023-09-25 15:11:08.352 [info] /home/chrig/School/CSE320/cmrosales/hw1/rsrc/something.csv closed
2023-09-25 15:11:08.373 [info] /home/chrig/School/CSE320/cmrosales/hw1/rsrc/something.csv.git closed
2023-09-25 15:11:08.377 [info] Active editor: file:///home/chrig/School/CSE320/cmrosales/hw1/rsrc/stark_familytree_dna.csv
2023-09-25 15:11:09.920 [info] Active editor: file:///home/chrig/School/CSE320/cmrosales/hw1/src/philo.c
2023-09-25 15:11:13.910 [info] Active editor: file:///home/chrig/School/CSE320/cmrosales/hw1/rsrc/wikipedia.csv
2023-09-25 15:11:15.091 [info] Active editor: file:///home/chrig/School/CSE320/cmrosales/hw1/src/main.c
2023-09-25 15:11:16.149 [info] Active editor: file:///home/chrig/School/CSE320/cmrosales/hw1/include/global.h
2023-09-25 15:11:17.166 [info] Active editor: file:///home/chrig/School/CSE320/cmrosales/hw1/rsrc/stark_familytree_dna.csv
2023-09-25 15:11:18.902 [info] Active editor: file:///home/chrig/School/CSE320/cmrosales/hw1/src/philo.c
2023-09-25 15:11:48.047 [info] Executing :w
2023-09-25 15:11:59.987 [info] Executing :w
2023-09-25 15:12:36.452 [info] Executing :w
2023-09-25 15:12:55.698 [info] Executing :w
2023-09-25 15:13:16.220 [info] Active editor: file:///home/chrig/School/CSE320/cmrosales/hw1/rsrc/stark_familytree_dna.csv
2023-09-25 15:13:26.905 [info] Active editor: file:///home/chrig/School/CSE320/cmrosales/hw1/src/philo.c
2023-09-25 15:13:27.664 [info] Active editor: file:///home/chrig/School/CSE320/cmrosales/hw1/rsrc/stark_familytree_dna.csv
2023-09-25 15:14:38.135 [info] Active editor: file:///home/chrig/School/CSE320/cmrosales/hw1/include/global.h
2023-09-25 15:14:39.504 [info] Active editor: file:///home/chrig/School/CSE320/cmrosales/hw1/rsrc/wikipedia.csv
2023-09-25 15:14:43.978 [info] Active editor: file:///home/chrig/School/CSE320/cmrosales/hw1/rsrc/stark_familytree_dna.csv
2023-09-25 15:15:05.492 [info] Active editor: file:///home/chrig/School/CSE320/cmrosales/hw1/src/philo.c
2023-09-25 15:16:14.591 [info] Executing :w
2023-09-25 15:19:02.387 [info] Executing :w
2023-09-25 15:19:29.340 [info] Executing :w
2023-09-25 15:20:47.003 [warning] invalid cursor position. [[78, 8] | [78, 8]].
2023-09-25 15:21:15.771 [info] Executing :w
2023-09-25 15:21:24.492 [info] Executing :w
2023-09-25 15:21:56.848 [info] Executing :w
2023-09-25 15:23:10.972 [info] Executing :w
2023-09-25 15:23:34.589 [warning] invalid cursor position. [[77, 8] | [77, 8]].
2023-09-25 15:23:42.704 [info] Executing :w
2023-09-25 15:23:44.305 [info] Executing :w
2023-09-25 15:26:34.924 [warning] invalid cursor position. [[77, 8] | [77, 8]].
2023-09-25 15:27:23.632 [info] Executing :w
2023-09-25 15:27:26.466 [info] Executing :w
2023-09-25 15:27:58.942 [info] Executing :w
2023-09-25 15:28:49.623 [info] Executing :w
2023-09-25 15:31:12.082 [warning] invalid cursor position. [[77, 8] | [77, 8]].
2023-09-25 15:33:01.308 [info] Searching for entries
2023-09-25 15:33:12.356 [info] Executing :w
2023-09-25 15:34:22.854 [warning] invalid cursor position. [[77, 8] | [77, 8]].
2023-09-25 15:34:42.588 [info] Executing :w
2023-09-25 15:35:38.009 [info] Executing :w
2023-09-25 15:35:54.367 [info] Executing :w
2023-09-25 15:36:09.062 [info] Executing :w
2023-09-25 15:36:24.759 [info] Executing :w
2023-09-25 15:37:13.977 [info] Executing :w
2023-09-25 15:37:17.354 [info] Executing :w
2023-09-25 15:37:27.100 [info] Executing :w
2023-09-25 15:39:00.194 [info] Executing :w
2023-09-25 15:39:02.693 [info] Executing :w
2023-09-25 15:39:09.245 [info] Executing :w
2023-09-25 15:39:26.063 [info] Executing :w
2023-09-25 15:39:33.578 [info] Executing :w
2023-09-25 15:39:48.596 [info] Executing :w
2023-09-25 15:40:05.528 [info] Executing :w
2023-09-25 15:41:46.187 [info] Executing :w
2023-09-25 15:42:07.150 [info] Executing :w
2023-09-25 15:44:58.772 [info] Executing :w
2023-09-25 15:45:19.726 [info] Executing :w
2023-09-25 15:47:30.930 [info] Executing :w
2023-09-25 15:48:14.924 [info] Executing :w
2023-09-25 15:48:22.433 [info] Executing :w
2023-09-25 15:48:43.598 [info] Executing :w
2023-09-25 15:48:46.914 [info] Executing :w
2023-09-25 15:48:53.333 [warning] invalid cursor position. [[78, 12] | [78, 12]].
2023-09-25 15:48:58.646 [info] Executing :w
2023-09-25 15:49:21.641 [info] Executing :w
2023-09-25 15:49:52.887 [info] Executing :w
2023-09-25 15:52:10.681 [info] Active editor: file:///home/chrig/School/CSE320/cmrosales/hw1/include/global.h
2023-09-25 15:52:26.594 [info] Active editor: file:///home/chrig/School/CSE320/cmrosales/hw1/src/philo.c
2023-09-25 15:57:10.543 [info] Active editor: file:///home/chrig/School/CSE320/cmrosales/hw1/include/global.h
2023-09-25 15:57:16.494 [info] Searching for node_names
2023-09-25 15:57:39.003 [info] Active editor: file:///home/chrig/School/CSE320/cmrosales/hw1/src/philo.c
2023-09-25 16:05:41.806 [info] Executing :w
2023-09-25 16:06:19.078 [info] Executing :w
2023-09-25 16:07:04.946 [info] Executing :w
2023-09-25 16:07:13.901 [info] Executing :w
2023-09-25 16:07:27.982 [info] Executing :w
2023-09-25 16:07:33.790 [info] Executing :w
2023-09-25 16:07:45.515 [info] Executing :w
2023-09-25 16:13:36.773 [info] Executing :w
2023-09-25 16:14:09.712 [info] Executing :w
2023-09-25 16:18:17.507 [info] Executing :w
2023-09-25 16:18:32.662 [info] Active editor: file:///home/chrig/School/CSE320/cmrosales/hw1/rsrc/wikipedia.csv
2023-09-25 16:51:15.618 [info] Active editor: file:///home/chrig/School/CSE320/cmrosales/hw1/src/philo.c
2023-09-25 16:52:43.640 [info] Executing :w
2023-09-25 16:53:13.080 [info] Executing :w
2023-09-25 16:53:55.455 [info] Active editor: file:///home/chrig/School/CSE320/cmrosales/hw1/rsrc/wikipedia.csv
2023-09-25 16:56:23.339 [info] Active editor: file:///home/chrig/School/CSE320/cmrosales/hw1/src/philo.c
2023-09-25 16:56:55.455 [info] Executing :w
2023-09-25 16:58:20.689 [info] Executing :w
2023-09-25 16:58:34.768 [info] Executing :w
2023-09-25 16:59:03.427 [info] Executing :w
2023-09-25 17:00:34.185 [info] Executing :w
2023-09-25 17:00:56.976 [info] Executing :w
2023-09-25 17:03:15.340 [info] Executing :w
2023-09-25 17:04:58.636 [info] Executing :w
2023-09-25 17:06:31.722 [info] Executing :w
2023-09-25 17:06:35.839 [info] Executing :w
2023-09-25 17:08:41.824 [info] Executing :w
2023-09-25 17:08:49.747 [info] Executing :w
2023-09-25 17:10:47.322 [info] Executing :w
2023-09-25 17:11:16.558 [info] Executing :w
2023-09-25 17:11:24.580 [info] Executing :w
2023-09-25 17:11:50.082 [info] Executing :w
2023-09-25 17:12:28.088 [info] Executing :w
2023-09-25 17:12:34.249 [info] Executing :w
2023-09-25 17:14:29.008 [info] Searching for totalrows - rows
2023-09-25 17:15:36.853 [info] Executing :w
2023-09-25 17:15:51.504 [info] Executing :w
2023-09-25 17:18:02.714 [info] Executing :w
2023-09-25 17:18:28.908 [info] Executing :w
2023-09-25 17:18:35.796 [info] Executing :w
2023-09-25 17:18:54.612 [info] Active editor: file:///home/chrig/School/CSE320/cmrosales/hw1/rsrc/wikipedia.csv
2023-09-25 17:19:32.768 [info] Active editor: file:///home/chrig/School/CSE320/cmrosales/hw1/src/main.c
2023-09-25 17:19:34.512 [info] Active editor: file:///home/chrig/School/CSE320/cmrosales/hw1/rsrc/stark_familytree_dna.csv
2023-09-25 17:20:10.062 [info] Active editor: file:///home/chrig/School/CSE320/cmrosales/hw1/rsrc/wikipedia.csv
2023-09-25 17:20:12.074 [info] Active editor: file:///home/chrig/School/CSE320/cmrosales/hw1/src/philo.c
2023-09-25 17:21:16.971 [info] Executing :w
2023-09-25 17:21:29.257 [info] Active editor: file:///home/chrig/School/CSE320/cmrosales/hw1/rsrc/wikipedia.csv
2023-09-25 17:21:30.441 [info] Active editor: file:///home/chrig/School/CSE320/cmrosales/hw1/rsrc/stark_familytree_dna.csv
2023-09-25 17:21:38.868 [info] Active editor: file:///home/chrig/School/CSE320/cmrosales/hw1/src/philo.c
2023-09-25 17:21:41.372 [info] Executing :w
2023-09-25 17:24:12.227 [info] /usr/include/stdio.h closed
2023-09-25 17:24:19.256 [info] Executing :w
2023-09-25 17:24:42.384 [info] Executing :w
2023-09-25 17:24:56.952 [info] Executing :w
2023-09-25 17:25:09.821 [info] Executing :w
2023-09-25 17:25:19.988 [info] Executing :w
2023-09-25 17:25:44.302 [info] Executing :w
2023-09-25 17:25:58.474 [info] Active editor: file:///home/chrig/School/CSE320/cmrosales/hw1/rsrc/wikipedia.csv
2023-09-25 17:25:59.874 [info] Active editor: file:///home/chrig/School/CSE320/cmrosales/hw1/rsrc/stark_familytree_dna.csv
2023-09-25 17:26:39.801 [info] Active editor: file:///home/chrig/School/CSE320/cmrosales/hw1/src/philo.c
2023-09-25 17:27:14.004 [info] Executing :w
2023-09-25 17:28:34.256 [info] Executing :w
2023-09-25 17:29:40.988 [info] Executing :w
2023-09-25 17:29:42.446 [info] Executing :w
2023-09-25 17:29:44.092 [info] Executing :w
2023-09-25 17:30:03.262 [info] Executing :w
2023-09-25 17:30:33.388 [info] Executing :w
2023-09-25 17:31:14.727 [info] Active editor: file:///home/chrig/School/CSE320/cmrosales/hw1/rsrc/wikipedia.csv
2023-09-25 17:31:22.087 [info] Active editor: file:///home/chrig/School/CSE320/cmrosales/hw1/rsrc/stark_familytree_dna.csv
2023-09-25 17:31:22.911 [info] Active editor: file:///home/chrig/School/CSE320/cmrosales/hw1/src/philo.c
2023-09-25 17:34:08.948 [info] Executing :w
2023-09-25 17:39:57.546 [info] Searching for input_max
2023-09-25 17:41:56.160 [info] Active editor: file:///home/chrig/School/CSE320/cmrosales/hw1/rsrc/stark_familytree_dna.csv
2023-09-25 17:41:57.149 [info] Active editor: file:///home/chrig/School/CSE320/cmrosales/hw1/include/global.h
2023-09-25 17:41:58.996 [info] Active editor: file:///home/chrig/School/CSE320/cmrosales/hw1/src/philo.c
