2023-09-22 03:12:43.949 [info] Log level: Info
2023-09-22 03:12:43.949 [info] Validating found git in: "git"
2023-09-22 03:12:43.949 [info] Using git "2.39.2" from "git"
2023-09-22 03:12:43.949 [info] > git rev-parse --show-toplevel [11ms]
2023-09-22 03:12:43.949 [info] > git rev-parse --git-dir --git-common-dir [2ms]
2023-09-22 03:12:43.949 [info] Open repository: /home/chrig/School/CSE320/cmrosales
2023-09-22 03:12:43.949 [info] > git rev-parse --show-toplevel [5ms]
2023-09-22 03:12:43.949 [info] > git config --get commit.template [15ms]
2023-09-22 03:12:43.970 [info] > git rev-parse --show-toplevel [12ms]
2023-09-22 03:12:43.991 [info] > git for-each-ref --format=%(refname)%00%(upstream:short)%00%(objectname)%00%(upstream:track)%00%(upstream:remotename)%00%(upstream:remoteref) refs/heads/master refs/remotes/master [23ms]
2023-09-22 03:12:44.015 [info] > git status -z -uall [14ms]
2023-09-22 03:12:44.023 [info] > git rev-parse --show-toplevel [32ms]
2023-09-22 03:12:44.103 [info] > git rev-parse --show-toplevel [61ms]
2023-09-22 03:12:44.103 [info] > git config --get commit.template [70ms]
2023-09-22 03:12:44.135 [info] > git rev-parse --show-toplevel [12ms]
2023-09-22 03:12:44.146 [info] > git for-each-ref --format=%(refname)%00%(upstream:short)%00%(objectname)%00%(upstream:track)%00%(upstream:remotename)%00%(upstream:remoteref) refs/heads/master refs/remotes/master [13ms]
2023-09-22 03:12:44.159 [info] > git rev-parse --show-toplevel [13ms]
2023-09-22 03:12:44.167 [info] > git status -z -uall [12ms]
2023-09-22 03:12:44.206 [info] > git rev-parse --show-toplevel [39ms]
2023-09-22 03:12:44.220 [info] > git rev-parse --show-toplevel [4ms]
2023-09-22 03:12:44.232 [info] > git rev-parse --show-toplevel [3ms]
2023-09-22 03:12:44.299 [info] > git show --textconv :hw1/src/philo.c [12ms]
2023-09-22 03:12:44.302 [info] > git ls-files --stage -- /home/chrig/School/CSE320/cmrosales/hw1/src/philo.c [5ms]
2023-09-22 03:12:44.313 [info] > git cat-file -s 874641d178e9c057e7fc79e8a79803c659cdf993 [2ms]
2023-09-22 03:12:44.519 [info] > git check-ignore -v -z --stdin [3ms]
2023-09-22 03:14:21.848 [info] > git config --get commit.template [31ms]
2023-09-22 03:14:21.849 [info] > git for-each-ref --format=%(refname)%00%(upstream:short)%00%(objectname)%00%(upstream:track)%00%(upstream:remotename)%00%(upstream:remoteref) refs/heads/master refs/remotes/master [5ms]
2023-09-22 03:14:21.870 [info] > git status -z -uall [6ms]
2023-09-22 03:14:29.762 [info] > git config --get commit.template [4ms]
2023-09-22 03:14:29.774 [info] > git for-each-ref --format=%(refname)%00%(upstream:short)%00%(objectname)%00%(upstream:track)%00%(upstream:remotename)%00%(upstream:remoteref) refs/heads/master refs/remotes/master [3ms]
2023-09-22 03:14:29.787 [info] > git status -z -uall [3ms]
2023-09-22 03:15:16.650 [info] > git config --get commit.template [32ms]
2023-09-22 03:15:16.653 [info] > git for-each-ref --format=%(refname)%00%(upstream:short)%00%(objectname)%00%(upstream:track)%00%(upstream:remotename)%00%(upstream:remoteref) refs/heads/master refs/remotes/master [7ms]
2023-09-22 03:15:16.683 [info] > git status -z -uall [7ms]
2023-09-22 03:15:25.166 [info] > git config --get commit.template [2ms]
2023-09-22 03:15:25.182 [info] > git for-each-ref --format=%(refname)%00%(upstream:short)%00%(objectname)%00%(upstream:track)%00%(upstream:remotename)%00%(upstream:remoteref) refs/heads/master refs/remotes/master [2ms]
2023-09-22 03:15:25.195 [info] > git status -z -uall [4ms]
2023-09-22 03:17:39.103 [info] > git config --get commit.template [16ms]
2023-09-22 03:17:39.104 [info] > git for-each-ref --format=%(refname)%00%(upstream:short)%00%(objectname)%00%(upstream:track)%00%(upstream:remotename)%00%(upstream:remoteref) refs/heads/master refs/remotes/master [3ms]
2023-09-22 03:17:39.119 [info] > git status -z -uall [4ms]
2023-09-22 03:17:47.590 [info] > git config --get commit.template [14ms]
2023-09-22 03:17:47.591 [info] > git for-each-ref --format=%(refname)%00%(upstream:short)%00%(objectname)%00%(upstream:track)%00%(upstream:remotename)%00%(upstream:remoteref) refs/heads/master refs/remotes/master [2ms]
2023-09-22 03:17:47.603 [info] > git status -z -uall [3ms]
2023-09-22 03:22:07.362 [info] > git config --get commit.template [14ms]
2023-09-22 03:22:07.363 [info] > git for-each-ref --format=%(refname)%00%(upstream:short)%00%(objectname)%00%(upstream:track)%00%(upstream:remotename)%00%(upstream:remoteref) refs/heads/master refs/remotes/master [3ms]
2023-09-22 03:22:07.377 [info] > git status -z -uall [3ms]
2023-09-22 03:23:10.733 [info] > git config --get commit.template [28ms]
2023-09-22 03:23:10.734 [info] > git for-each-ref --format=%(refname)%00%(upstream:short)%00%(objectname)%00%(upstream:track)%00%(upstream:remotename)%00%(upstream:remoteref) refs/heads/master refs/remotes/master [4ms]
2023-09-22 03:23:10.752 [info] > git status -z -uall [4ms]
2023-09-22 03:27:17.347 [info] > git config --get commit.template [39ms]
2023-09-22 03:27:17.349 [info] > git for-each-ref --format=%(refname)%00%(upstream:short)%00%(objectname)%00%(upstream:track)%00%(upstream:remotename)%00%(upstream:remoteref) refs/heads/master refs/remotes/master [9ms]
2023-09-22 03:27:17.372 [info] > git status -z -uall [5ms]
2023-09-22 03:27:40.275 [info] > git config --get commit.template [12ms]
2023-09-22 03:27:40.276 [info] > git for-each-ref --format=%(refname)%00%(upstream:short)%00%(objectname)%00%(upstream:track)%00%(upstream:remotename)%00%(upstream:remoteref) refs/heads/master refs/remotes/master [2ms]
2023-09-22 03:27:40.290 [info] > git status -z -uall [4ms]
2023-09-22 03:28:16.549 [info] > git config --get commit.template [10ms]
2023-09-22 03:28:16.550 [info] > git for-each-ref --format=%(refname)%00%(upstream:short)%00%(objectname)%00%(upstream:track)%00%(upstream:remotename)%00%(upstream:remoteref) refs/heads/master refs/remotes/master [2ms]
2023-09-22 03:28:16.562 [info] > git status -z -uall [3ms]
2023-09-22 03:28:33.971 [info] > git show --textconv :hw1/src/validargs.c [9ms]
2023-09-22 03:28:33.972 [info] > git ls-files --stage -- /home/chrig/School/CSE320/cmrosales/hw1/src/validargs.c [1ms]
2023-09-22 03:28:33.983 [info] > git cat-file -s 1676594da1c2354ecd0b31fdea31aa1bbd3d47c0 [1ms]
2023-09-22 03:28:36.487 [info] > git show --textconv :hw1/src/main.c [11ms]
2023-09-22 03:28:36.488 [info] > git ls-files --stage -- /home/chrig/School/CSE320/cmrosales/hw1/src/main.c [2ms]
2023-09-22 03:28:36.499 [info] > git cat-file -s 920f88faf466dd445251898b0538984dd58f6eca [2ms]
2023-09-22 03:28:41.193 [info] > git check-ignore -v -z --stdin [6ms]
2023-09-22 03:28:42.464 [info] > git show --textconv :hw1/include/global.h [10ms]
2023-09-22 03:28:42.466 [info] > git ls-files --stage -- /home/chrig/School/CSE320/cmrosales/hw1/include/global.h [3ms]
2023-09-22 03:28:42.476 [info] > git cat-file -s d24cb16cc6e8ed7e65e273f13fc5b90ceb4be287 [2ms]
2023-09-22 03:29:15.958 [info] > git config --get commit.template [13ms]
2023-09-22 03:29:15.959 [info] > git for-each-ref --format=%(refname)%00%(upstream:short)%00%(objectname)%00%(upstream:track)%00%(upstream:remotename)%00%(upstream:remoteref) refs/heads/master refs/remotes/master [2ms]
2023-09-22 03:29:15.975 [info] > git status -z -uall [4ms]
2023-09-22 03:34:28.803 [info] > git config --get commit.template [31ms]
2023-09-22 03:34:28.805 [info] > git for-each-ref --format=%(refname)%00%(upstream:short)%00%(objectname)%00%(upstream:track)%00%(upstream:remotename)%00%(upstream:remoteref) refs/heads/master refs/remotes/master [4ms]
2023-09-22 03:34:28.831 [info] > git status -z -uall [5ms]
2023-09-22 03:35:47.216 [info] > git config --get commit.template [19ms]
2023-09-22 03:35:47.218 [info] > git for-each-ref --format=%(refname)%00%(upstream:short)%00%(objectname)%00%(upstream:track)%00%(upstream:remotename)%00%(upstream:remoteref) refs/heads/master refs/remotes/master [3ms]
2023-09-22 03:35:47.235 [info] > git status -z -uall [3ms]
2023-09-22 03:41:41.730 [info] > git config --get commit.template [35ms]
2023-09-22 03:41:41.732 [info] > git for-each-ref --format=%(refname)%00%(upstream:short)%00%(objectname)%00%(upstream:track)%00%(upstream:remotename)%00%(upstream:remoteref) refs/heads/master refs/remotes/master [4ms]
2023-09-22 03:41:41.755 [info] > git status -z -uall [4ms]
2023-09-22 03:42:19.329 [info] > git check-ignore -v -z --stdin [5ms]
2023-09-22 03:42:24.093 [info] > git show --textconv :hw1/rsrc/wikipedia.csv [36ms]
2023-09-22 03:42:24.097 [info] > git ls-files --stage -- /home/chrig/School/CSE320/cmrosales/hw1/rsrc/wikipedia.csv [4ms]
2023-09-22 03:42:24.135 [info] > git cat-file -s adc77d1a7ece817a60842befb770777ca79f79a7 [5ms]
2023-09-22 03:45:25.534 [info] > git config --get commit.template [26ms]
2023-09-22 03:45:25.536 [info] > git for-each-ref --format=%(refname)%00%(upstream:short)%00%(objectname)%00%(upstream:track)%00%(upstream:remotename)%00%(upstream:remoteref) refs/heads/master refs/remotes/master [3ms]
2023-09-22 03:45:25.560 [info] > git status -z -uall [5ms]
2023-09-22 03:46:26.675 [info] > git show --textconv :hw1/include/global.h [27ms]
2023-09-22 03:46:26.679 [info] > git ls-files --stage -- /home/chrig/School/CSE320/cmrosales/hw1/include/global.h [5ms]
2023-09-22 03:46:26.696 [info] > git cat-file -s d24cb16cc6e8ed7e65e273f13fc5b90ceb4be287 [2ms]
2023-09-22 03:59:53.940 [info] > git config --get commit.template [5ms]
2023-09-22 03:59:53.966 [info] > git for-each-ref --format=%(refname)%00%(upstream:short)%00%(objectname)%00%(upstream:track)%00%(upstream:remotename)%00%(upstream:remoteref) refs/heads/master refs/remotes/master [3ms]
2023-09-22 03:59:53.987 [info] > git status -z -uall [4ms]
2023-09-22 04:01:32.261 [info] > git config --get commit.template [24ms]
2023-09-22 04:01:32.263 [info] > git for-each-ref --format=%(refname)%00%(upstream:short)%00%(objectname)%00%(upstream:track)%00%(upstream:remotename)%00%(upstream:remoteref) refs/heads/master refs/remotes/master [3ms]
2023-09-22 04:01:32.289 [info] > git status -z -uall [5ms]
2023-09-22 04:01:37.327 [info] > git config --get commit.template [17ms]
2023-09-22 04:01:37.328 [info] > git for-each-ref --format=%(refname)%00%(upstream:short)%00%(objectname)%00%(upstream:track)%00%(upstream:remotename)%00%(upstream:remoteref) refs/heads/master refs/remotes/master [2ms]
2023-09-22 04:01:37.346 [info] > git status -z -uall [3ms]
2023-09-22 04:01:42.412 [info] > git config --get commit.template [22ms]
2023-09-22 04:01:42.414 [info] > git for-each-ref --format=%(refname)%00%(upstream:short)%00%(objectname)%00%(upstream:track)%00%(upstream:remotename)%00%(upstream:remoteref) refs/heads/master refs/remotes/master [3ms]
2023-09-22 04:01:42.429 [info] > git status -z -uall [3ms]
2023-09-22 04:12:55.850 [info] > git config --get commit.template [20ms]
2023-09-22 04:12:55.851 [info] > git for-each-ref --format=%(refname)%00%(upstream:short)%00%(objectname)%00%(upstream:track)%00%(upstream:remotename)%00%(upstream:remoteref) refs/heads/master refs/remotes/master [3ms]
2023-09-22 04:12:55.868 [info] > git status -z -uall [4ms]
2023-09-22 04:14:52.685 [info] > git config --get commit.template [21ms]
2023-09-22 04:14:52.685 [info] > git for-each-ref --format=%(refname)%00%(upstream:short)%00%(objectname)%00%(upstream:track)%00%(upstream:remotename)%00%(upstream:remoteref) refs/heads/master refs/remotes/master [3ms]
2023-09-22 04:14:52.709 [info] > git status -z -uall [6ms]
2023-09-22 04:15:11.181 [info] > git config --get commit.template [20ms]
2023-09-22 04:15:11.183 [info] > git for-each-ref --format=%(refname)%00%(upstream:short)%00%(objectname)%00%(upstream:track)%00%(upstream:remotename)%00%(upstream:remoteref) refs/heads/master refs/remotes/master [3ms]
2023-09-22 04:15:11.203 [info] > git status -z -uall [4ms]
2023-09-22 04:15:36.756 [info] > git config --get commit.template [16ms]
2023-09-22 04:15:36.756 [info] > git for-each-ref --format=%(refname)%00%(upstream:short)%00%(objectname)%00%(upstream:track)%00%(upstream:remotename)%00%(upstream:remoteref) refs/heads/master refs/remotes/master [2ms]
2023-09-22 04:15:36.774 [info] > git status -z -uall [4ms]
2023-09-22 04:17:32.994 [info] > git config --get commit.template [13ms]
2023-09-22 04:17:32.995 [info] > git for-each-ref --format=%(refname)%00%(upstream:short)%00%(objectname)%00%(upstream:track)%00%(upstream:remotename)%00%(upstream:remoteref) refs/heads/master refs/remotes/master [2ms]
2023-09-22 04:17:33.012 [info] > git status -z -uall [4ms]
2023-09-22 04:17:50.415 [info] > git config --get commit.template [18ms]
2023-09-22 04:17:50.415 [info] > git for-each-ref --format=%(refname)%00%(upstream:short)%00%(objectname)%00%(upstream:track)%00%(upstream:remotename)%00%(upstream:remoteref) refs/heads/master refs/remotes/master [4ms]
2023-09-22 04:17:50.432 [info] > git status -z -uall [4ms]
2023-09-22 04:20:14.544 [info] > git config --get commit.template [38ms]
2023-09-22 04:20:14.546 [info] > git for-each-ref --format=%(refname)%00%(upstream:short)%00%(objectname)%00%(upstream:track)%00%(upstream:remotename)%00%(upstream:remoteref) refs/heads/master refs/remotes/master [5ms]
2023-09-22 04:20:14.575 [info] > git status -z -uall [4ms]
2023-09-22 04:25:00.615 [info] > git config --get commit.template [41ms]
2023-09-22 04:25:00.618 [info] > git for-each-ref --format=%(refname)%00%(upstream:short)%00%(objectname)%00%(upstream:track)%00%(upstream:remotename)%00%(upstream:remoteref) refs/heads/master refs/remotes/master [7ms]
2023-09-22 04:25:00.652 [info] > git status -z -uall [6ms]
2023-09-22 04:25:59.416 [info] > git config --get commit.template [14ms]
2023-09-22 04:25:59.417 [info] > git for-each-ref --format=%(refname)%00%(upstream:short)%00%(objectname)%00%(upstream:track)%00%(upstream:remotename)%00%(upstream:remoteref) refs/heads/master refs/remotes/master [2ms]
2023-09-22 04:25:59.433 [info] > git status -z -uall [4ms]
2023-09-22 04:26:34.282 [info] > git config --get commit.template [15ms]
2023-09-22 04:26:34.283 [info] > git for-each-ref --format=%(refname)%00%(upstream:short)%00%(objectname)%00%(upstream:track)%00%(upstream:remotename)%00%(upstream:remoteref) refs/heads/master refs/remotes/master [2ms]
2023-09-22 04:26:34.339 [info] > git status -z -uall [43ms]
2023-09-22 04:26:34.339 [info] > git ls-files --stage -- /home/chrig/School/CSE320/cmrosales/hw1/rsrc/wikipedia.csv [17ms]
2023-09-22 04:26:34.353 [info] > git ls-files --stage -- /home/chrig/School/CSE320/cmrosales/hw1/src/philo.c [43ms]
2023-09-22 04:26:34.370 [info] > git cat-file -s c977eb501776fbdb9383421acb486cd789c542d5 [4ms]
2023-09-22 04:26:34.371 [info] > git cat-file -s adc77d1a7ece817a60842befb770777ca79f79a7 [19ms]
2023-09-22 04:26:34.371 [info] > git ls-files --stage -- /home/chrig/School/CSE320/cmrosales/hw1/include/global.h [34ms]
2023-09-22 04:26:34.415 [info] > git show --textconv :hw1/src/philo.c [14ms]
2023-09-22 04:26:34.416 [info] > git cat-file -s d24cb16cc6e8ed7e65e273f13fc5b90ceb4be287 [30ms]
2023-09-22 04:26:34.417 [info] > git show --textconv :hw1/rsrc/wikipedia.csv [3ms]
2023-09-22 04:26:34.433 [info] > git show --textconv :hw1/include/global.h [2ms]
2023-09-22 04:35:06.086 [info] > git config --get commit.template [39ms]
2023-09-22 04:35:06.088 [info] > git for-each-ref --format=%(refname)%00%(upstream:short)%00%(objectname)%00%(upstream:track)%00%(upstream:remotename)%00%(upstream:remoteref) refs/heads/master refs/remotes/master [5ms]
2023-09-22 04:35:06.110 [info] > git status -z -uall [3ms]
2023-09-22 04:35:27.158 [info] > git config --get commit.template [17ms]
2023-09-22 04:35:27.159 [info] > git for-each-ref --format=%(refname)%00%(upstream:short)%00%(objectname)%00%(upstream:track)%00%(upstream:remotename)%00%(upstream:remoteref) refs/heads/master refs/remotes/master [2ms]
2023-09-22 04:35:27.176 [info] > git status -z -uall [3ms]
2023-09-22 04:35:56.028 [info] > git ls-files --stage -- /home/chrig/School/CSE320/cmrosales/hw1/rsrc/wikipedia.csv [14ms]
2023-09-22 04:35:56.042 [info] > git ls-files --stage -- /home/chrig/School/CSE320/cmrosales/hw1/src/philo.c [42ms]
2023-09-22 04:35:56.054 [info] > git config --get commit.template [68ms]
2023-09-22 04:35:56.067 [info] > git cat-file -s adc77d1a7ece817a60842befb770777ca79f79a7 [25ms]
2023-09-22 04:35:56.068 [info] > git ls-files --stage -- /home/chrig/School/CSE320/cmrosales/hw1/include/global.h [42ms]
2023-09-22 04:35:56.081 [info] > git for-each-ref --format=%(refname)%00%(upstream:short)%00%(objectname)%00%(upstream:track)%00%(upstream:remotename)%00%(upstream:remoteref) refs/heads/master refs/remotes/master [15ms]
2023-09-22 04:35:56.092 [info] > git cat-file -s a55ba48db6e813ad2e4a8ebf494b8742f5215ef0 [38ms]
2023-09-22 04:35:56.105 [info] > git status -z -uall [13ms]
2023-09-22 04:35:56.108 [info] > git cat-file -s d24cb16cc6e8ed7e65e273f13fc5b90ceb4be287 [27ms]
2023-09-22 04:35:56.108 [info] > git show --textconv :hw1/rsrc/wikipedia.csv [4ms]
2023-09-22 04:35:56.135 [info] > git show --textconv :hw1/src/philo.c [14ms]
2023-09-22 04:35:56.137 [info] > git show --textconv :hw1/include/global.h [3ms]
2023-09-22 04:36:36.595 [info] > git ls-files --stage -- /home/chrig/School/CSE320/cmrosales/hw1/rsrc/wikipedia.csv [16ms]
2023-09-22 04:36:36.608 [info] > git ls-files --stage -- /home/chrig/School/CSE320/cmrosales/hw1/src/philo.c [43ms]
2023-09-22 04:36:36.621 [info] > git config --get commit.template [70ms]
2023-09-22 04:36:36.635 [info] > git cat-file -s adc77d1a7ece817a60842befb770777ca79f79a7 [26ms]
2023-09-22 04:36:36.635 [info] > git ls-files --stage -- /home/chrig/School/CSE320/cmrosales/hw1/include/global.h [43ms]
2023-09-22 04:36:36.650 [info] > git for-each-ref --format=%(refname)%00%(upstream:short)%00%(objectname)%00%(upstream:track)%00%(upstream:remotename)%00%(upstream:remoteref) refs/heads/master refs/remotes/master [16ms]
2023-09-22 04:36:36.664 [info] > git cat-file -s a55ba48db6e813ad2e4a8ebf494b8742f5215ef0 [43ms]
2023-09-22 04:36:36.679 [info] > git status -z -uall [15ms]
2023-09-22 04:36:36.684 [info] > git cat-file -s d24cb16cc6e8ed7e65e273f13fc5b90ceb4be287 [37ms]
2023-09-22 04:36:36.684 [info] > git show --textconv :hw1/rsrc/wikipedia.csv [6ms]
2023-09-22 04:36:36.698 [info] > git show --textconv :hw1/src/philo.c [2ms]
2023-09-22 04:36:36.729 [info] > git show --textconv :hw1/include/global.h [2ms]
2023-09-22 04:36:41.716 [info] > git config --get commit.template [12ms]
2023-09-22 04:36:41.718 [info] > git for-each-ref --format=%(refname)%00%(upstream:short)%00%(objectname)%00%(upstream:track)%00%(upstream:remotename)%00%(upstream:remoteref) refs/heads/master refs/remotes/master [2ms]
2023-09-22 04:36:41.732 [info] > git status -z -uall [2ms]
2023-09-22 04:47:25.313 [info] > git config --get commit.template [33ms]
2023-09-22 04:47:25.316 [info] > git for-each-ref --format=%(refname)%00%(upstream:short)%00%(objectname)%00%(upstream:track)%00%(upstream:remotename)%00%(upstream:remoteref) refs/heads/master refs/remotes/master [4ms]
2023-09-22 04:47:25.343 [info] > git status -z -uall [5ms]
2023-09-22 04:51:02.964 [info] > git ls-files --stage -- /home/chrig/School/CSE320/cmrosales/hw1/rsrc/wikipedia.csv [16ms]
2023-09-22 04:51:02.977 [info] > git ls-files --stage -- /home/chrig/School/CSE320/cmrosales/hw1/src/philo.c [43ms]
2023-09-22 04:51:02.990 [info] > git config --get commit.template [70ms]
2023-09-22 04:51:03.003 [info] > git cat-file -s adc77d1a7ece817a60842befb770777ca79f79a7 [26ms]
2023-09-22 04:51:03.004 [info] > git ls-files --stage -- /home/chrig/School/CSE320/cmrosales/hw1/include/global.h [42ms]
2023-09-22 04:51:03.018 [info] > git for-each-ref --format=%(refname)%00%(upstream:short)%00%(objectname)%00%(upstream:track)%00%(upstream:remotename)%00%(upstream:remoteref) refs/heads/master refs/remotes/master [14ms]
2023-09-22 04:51:03.030 [info] > git cat-file -s a55ba48db6e813ad2e4a8ebf494b8742f5215ef0 [41ms]
2023-09-22 04:51:03.044 [info] > git status -z -uall [14ms]
2023-09-22 04:51:03.046 [info] > git cat-file -s d24cb16cc6e8ed7e65e273f13fc5b90ceb4be287 [30ms]
2023-09-22 04:51:03.047 [info] > git show --textconv :hw1/rsrc/wikipedia.csv [3ms]
2023-09-22 04:51:03.073 [info] > git show --textconv :hw1/src/philo.c [14ms]
2023-09-22 04:51:03.074 [info] > git show --textconv :hw1/include/global.h [2ms]
2023-09-22 04:51:08.112 [info] > git config --get commit.template [26ms]
2023-09-22 04:51:08.114 [info] > git for-each-ref --format=%(refname)%00%(upstream:short)%00%(objectname)%00%(upstream:track)%00%(upstream:remotename)%00%(upstream:remoteref) refs/heads/master refs/remotes/master [4ms]
2023-09-22 04:51:08.136 [info] > git status -z -uall [4ms]
