00:00:00.401225 VirtualBox GUI VM Selector Window 7.0.10 r158379 linux.amd64 (Jul 12 2023 20:01:58) release log
00:00:00.401227 Log opened 2023-09-22T06:59:06.660214000Z
00:00:00.401227 Build Type: release
00:00:00.401230 OS Product: Linux
00:00:00.401231 OS Release: 6.2.0-33-generic
00:00:00.401232 OS Version: #33-Ubuntu SMP PREEMPT_DYNAMIC Tue Sep  5 14:49:19 UTC 2023
00:00:00.401254 DMI Product Name: 20KH002JUS
00:00:00.401261 DMI Product Version: ThinkPad X1 Carbon 6th
00:00:00.401268 Firmware type: UEFI
00:00:00.401884 Secure Boot: Enabled
00:00:00.401923 Host RAM: 15731MB (15.3GB) total, 11619MB (11.3GB) available
00:00:00.401927 Executable: /usr/lib/virtualbox/VirtualBox
00:00:00.401927 Process ID: 27601
00:00:00.401928 Package type: LINUX_64BITS_UBUNTU_22_04
00:00:00.401953 Qt version: 5.15.8
00:00:00.402570 GUI: UIMediumEnumerator: Initial medium-enumeration finished!
00:00:00.415909 GUI: UIMediumEnumerator: Medium-enumeration started...
00:00:00.898149 GUI: UIMediumEnumerator: Medium-enumeration finished!
00:00:00.951042 GUI: UIDesktopWidgetWatchdog::sltHandleHostScreenAvailableGeometryCalculated: Screen 0 work area is actually resized to: 0x27 x 1920x1053
00:18:41.301681 GUI: UICommon: Handling aboutToQuit request..
00:18:42.459670 GUI: UICommon: aboutToQuit request handled!
