2023-09-22 03:12:52.044 [info] Active editor: file:///home/chrig/School/CSE320/cmrosales/hw1/src/philo.c
2023-09-22 03:15:07.621 [info] Searching for emit_distance
2023-09-22 03:15:15.462 [info] Executing :w
2023-09-22 03:15:43.803 [info] Executing :w
2023-09-22 03:20:30.632 [info] Executing :w
2023-09-22 03:23:09.553 [info] Executing :w
2023-09-22 03:23:46.718 [info] Executing :set autoindent
2023-09-22 03:27:07.357 [info] Searching for c 
2023-09-22 03:27:16.128 [info] Executing :w
2023-09-22 03:27:29.897 [info] Executing :w
2023-09-22 03:28:15.374 [info] Executing :w
2023-09-22 03:28:33.728 [info] Active editor: file:///home/chrig/School/CSE320/cmrosales/hw1/src/validargs.c
2023-09-22 03:28:36.240 [info] /home/chrig/School/CSE320/cmrosales/hw1/src/validargs.c closed
2023-09-22 03:28:36.241 [info] /home/chrig/School/CSE320/cmrosales/hw1/src/validargs.c.git closed
2023-09-22 03:28:36.255 [info] Active editor: file:///home/chrig/School/CSE320/cmrosales/hw1/src/main.c
2023-09-22 03:28:42.103 [info] /home/chrig/School/CSE320/cmrosales/hw1/src/main.c closed
2023-09-22 03:28:42.103 [info] /home/chrig/School/CSE320/cmrosales/hw1/src/main.c.git closed
2023-09-22 03:28:42.120 [info] Active editor: file:///home/chrig/School/CSE320/cmrosales/hw1/include/global.h
2023-09-22 03:28:42.325 [info] /home/chrig/School/CSE320/cmrosales/hw1/include/global.h closed
2023-09-22 03:28:49.985 [info] Active editor: file:///home/chrig/School/CSE320/cmrosales/hw1/src/philo.c
2023-09-22 03:29:14.801 [info] Executing :w
2023-09-22 03:29:18.621 [info] Active editor: file:///home/chrig/School/CSE320/cmrosales/hw1/include/global.h
2023-09-22 03:29:19.956 [info] Active editor: file:///home/chrig/School/CSE320/cmrosales/hw1/src/philo.c
2023-09-22 03:29:20.753 [info] Active editor: file:///home/chrig/School/CSE320/cmrosales/hw1/include/global.h
2023-09-22 03:29:30.896 [info] Searching for char field
2023-09-22 03:29:40.928 [info] Active editor: file:///home/chrig/School/CSE320/cmrosales/hw1/src/philo.c
2023-09-22 03:34:27.599 [info] Executing :w
2023-09-22 03:35:46.048 [info] Executing :w
2023-09-22 03:42:23.784 [info] /home/chrig/School/CSE320/cmrosales/hw1/include/global.h closed
2023-09-22 03:42:23.785 [info] /home/chrig/School/CSE320/cmrosales/hw1/include/global.h.git closed
2023-09-22 03:42:23.815 [info] Active editor: file:///home/chrig/School/CSE320/cmrosales/hw1/rsrc/wikipedia.csv
2023-09-22 03:42:28.063 [info] Active editor: file:///home/chrig/School/CSE320/cmrosales/hw1/src/philo.c
2023-09-22 03:42:31.561 [info] Active editor: file:///home/chrig/School/CSE320/cmrosales/hw1/rsrc/wikipedia.csv
2023-09-22 03:42:39.820 [info] Active editor: file:///home/chrig/School/CSE320/cmrosales/hw1/src/philo.c
2023-09-22 03:43:29.339 [info] Active editor: file:///home/chrig/School/CSE320/cmrosales/hw1/rsrc/wikipedia.csv
2023-09-22 03:43:33.885 [info] Active editor: file:///home/chrig/School/CSE320/cmrosales/hw1/src/philo.c
2023-09-22 03:45:24.316 [info] Executing :w
2023-09-22 03:45:29.992 [info] /home/chrig/.config/Code/User/settings.json closed
2023-09-22 03:45:30.150 [info] Configuration changed
2023-09-22 03:46:26.390 [info] Active editor: file:///home/chrig/School/CSE320/cmrosales/hw1/include/global.h
2023-09-22 03:46:26.459 [info] /home/chrig/School/CSE320/cmrosales/hw1/include/global.h closed
2023-09-22 03:46:36.966 [info] Active editor: file:///home/chrig/School/CSE320/cmrosales/hw1/src/philo.c
2023-09-22 03:46:40.241 [info] Active editor: file:///home/chrig/School/CSE320/cmrosales/hw1/include/global.h
2023-09-22 03:46:41.650 [info] Active editor: file:///home/chrig/School/CSE320/cmrosales/hw1/src/philo.c
2023-09-22 03:57:53.030 [info] Executing :set relativenumber
2023-09-22 03:57:53.170 [info] /home/chrig/.config/Code/User/settings.json closed
2023-09-22 03:57:53.229 [info] Configuration changed
2023-09-22 03:59:52.790 [info] Executing :w
2023-09-22 04:01:31.091 [info] Executing :w
2023-09-22 04:01:36.078 [info] Executing :w
2023-09-22 04:01:41.038 [info] Executing :w
2023-09-22 04:01:51.469 [info] Active editor: file:///home/chrig/School/CSE320/cmrosales/hw1/include/global.h
2023-09-22 04:02:01.395 [info] Searching for nodes[
2023-09-22 04:02:05.785 [info] Searching for nodes[
2023-09-22 04:02:14.187 [info] Searching for nodes
2023-09-22 04:02:38.833 [info] Searching for nodes[
2023-09-22 04:02:44.163 [info] Searching for NODE
2023-09-22 04:02:52.116 [info] Searching for NODE
2023-09-22 04:03:08.426 [info] Searching for nodes
2023-09-22 04:03:15.613 [info] Searching for nodes[
2023-09-22 04:04:13.313 [info] Searching for .name
2023-09-22 04:05:26.821 [info] Active editor: file:///home/chrig/School/CSE320/cmrosales/hw1/rsrc/wikipedia.csv
2023-09-22 04:05:31.105 [info] Active editor: file:///home/chrig/School/CSE320/cmrosales/hw1/include/global.h
2023-09-22 04:05:32.245 [info] Active editor: file:///home/chrig/School/CSE320/cmrosales/hw1/src/philo.c
2023-09-22 04:07:44.579 [info] Active editor: file:///home/chrig/School/CSE320/cmrosales/hw1/include/global.h
2023-09-22 04:08:29.207 [info] Active editor: file:///home/chrig/School/CSE320/cmrosales/hw1/src/philo.c
2023-09-22 04:12:54.701 [info] Executing :w
2023-09-22 04:14:51.528 [info] Executing :w
2023-09-22 04:15:10.029 [info] Executing :w
2023-09-22 04:15:35.557 [info] Executing :w
2023-09-22 04:17:31.799 [info] Executing :w
2023-09-22 04:17:49.241 [info] Executing :w
2023-09-22 04:20:13.342 [info] Executing :w
2023-09-22 04:35:04.898 [info] Executing :w
2023-09-22 04:35:25.971 [info] Executing :w
2023-09-22 04:37:13.287 [info] Active editor: file:///home/chrig/School/CSE320/cmrosales/hw1/include/global.h
2023-09-22 04:37:19.044 [info] Searching for distance
2023-09-22 04:37:33.479 [info] Active editor: file:///home/chrig/School/CSE320/cmrosales/hw1/src/philo.c
