2023-09-22 03:10:45.717 [info] Log level: Info
2023-09-22 03:10:45.717 [info] Validating found git in: "git"
2023-09-22 03:10:45.717 [info] Using git "2.39.2" from "git"
2023-09-22 03:10:45.717 [info] > git rev-parse --show-toplevel [11ms]
2023-09-22 03:10:45.717 [info] > git rev-parse --git-dir --git-common-dir [14ms]
2023-09-22 03:10:45.717 [info] Open repository: /home/chrig/School/CSE320/cmrosales
2023-09-22 03:10:45.717 [info] > git rev-parse --show-toplevel [13ms]
2023-09-22 03:10:45.717 [info] > git config --get commit.template [23ms]
2023-09-22 03:10:45.745 [info] > git rev-parse --show-toplevel [19ms]
2023-09-22 03:10:45.757 [info] > git rev-parse --show-toplevel [3ms]
2023-09-22 03:10:45.757 [info] > git for-each-ref --format=%(refname)%00%(upstream:short)%00%(objectname)%00%(upstream:track)%00%(upstream:remotename)%00%(upstream:remoteref) refs/heads/master refs/remotes/master [14ms]
2023-09-22 03:10:45.792 [info] > git status -z -uall [25ms]
2023-09-22 03:10:45.792 [info] > git rev-parse --show-toplevel [15ms]
2023-09-22 03:10:45.821 [info] > git config --get commit.template [3ms]
2023-09-22 03:10:45.821 [info] > git rev-parse --show-toplevel [12ms]
2023-09-22 03:10:45.842 [info] > git rev-parse --show-toplevel [9ms]
2023-09-22 03:10:45.852 [info] > git for-each-ref --format=%(refname)%00%(upstream:short)%00%(objectname)%00%(upstream:track)%00%(upstream:remotename)%00%(upstream:remoteref) refs/heads/master refs/remotes/master [11ms]
2023-09-22 03:10:45.861 [info] > git rev-parse --show-toplevel [10ms]
2023-09-22 03:10:45.872 [info] > git status -z -uall [12ms]
2023-09-22 03:10:45.875 [info] > git rev-parse --show-toplevel [4ms]
2023-09-22 03:10:45.885 [info] > git rev-parse --show-toplevel [1ms]
2023-09-22 03:10:46.254 [info] > git check-ignore -v -z --stdin [9ms]
2023-09-22 03:10:47.371 [info] > git show --textconv :hw1/src/philo.c [9ms]
2023-09-22 03:10:47.394 [info] > git ls-files --stage -- /home/chrig/School/CSE320/cmrosales/hw1/src/philo.c [24ms]
2023-09-22 03:10:47.406 [info] > git cat-file -s 874641d178e9c057e7fc79e8a79803c659cdf993 [3ms]
