2023-09-22 02:58:09.494 [info] Added views:workbench.panel.markers.view in workbench.panel.markers
2023-09-22 02:58:09.494 [info] Added views:workbench.panel.output in workbench.panel.output
2023-09-22 02:58:09.494 [info] Added views:terminal in terminal
2023-09-22 02:58:09.494 [info] Added views:outline in workbench.view.explorer
2023-09-22 02:58:09.494 [info] Added views:workbench.scm in workbench.view.scm
2023-09-22 02:58:09.494 [info] Added views:workbench.view.search in workbench.view.search
2023-09-22 02:58:09.494 [info] Added views:timeline in workbench.view.explorer
2023-09-22 02:58:09.494 [info] Added views:workbench.explorer.fileView in workbench.view.explorer
2023-09-22 02:58:09.874 [info] Added views:workbench.debug.variablesView,workbench.debug.watchExpressionsView,workbench.debug.callStackView,workbench.debug.breakPointsView in workbench.view.debug
2023-09-22 02:58:10.112 [info] Added views:~remote.forwardedPorts in ~remote.forwardedPortsContainer
2023-09-22 02:58:10.192 [info] Added views:workbench.panel.repl.view in workbench.panel.repl
2023-09-22 02:58:10.194 [info] Removed views:workbench.debug.breakPointsView,workbench.debug.callStackView,workbench.debug.watchExpressionsView,workbench.debug.variablesView from workbench.view.debug
2023-09-22 02:58:10.194 [info] Added views:workbench.debug.welcome in workbench.view.debug
2023-09-22 02:58:23.511 [info] Added views:workbench.views.extensions.installed,workbench.views.extensions.popular,extensions.recommendedList in workbench.view.extensions
2023-09-22 02:58:23.520 [info] Removed views:workbench.views.extensions.popular from workbench.view.extensions
2023-09-22 02:58:23.812 [info] Added views:workbench.views.extensions.popular in workbench.view.extensions
2023-09-22 02:58:24.133 [info] Removed views:extensions.recommendedList,workbench.views.extensions.popular,workbench.views.extensions.installed from workbench.view.extensions
2023-09-22 02:58:24.153 [info] Added views:workbench.views.extensions.marketplace in workbench.view.extensions
2023-09-22 03:00:21.949 [info] Removed views:workbench.views.extensions.marketplace from workbench.view.extensions
2023-09-22 03:00:21.987 [info] Added views:workbench.views.extensions.installed,workbench.views.extensions.popular,extensions.recommendedList in workbench.view.extensions
2023-09-22 03:00:24.196 [info] Removed views:extensions.recommendedList,workbench.views.extensions.popular,workbench.views.extensions.installed from workbench.view.extensions
2023-09-22 03:00:24.213 [info] Added views:workbench.views.extensions.marketplace in workbench.view.extensions
2023-09-22 03:00:28.928 [info] Removed views:workbench.views.extensions.marketplace from workbench.view.extensions
2023-09-22 03:00:28.964 [info] Added views:workbench.views.extensions.installed,workbench.views.extensions.popular,extensions.recommendedList in workbench.view.extensions
2023-09-22 03:00:34.510 [info] Removed views:extensions.recommendedList,workbench.views.extensions.popular,workbench.views.extensions.installed from workbench.view.extensions
2023-09-22 03:00:34.547 [info] Added views:workbench.views.extensions.marketplace in workbench.view.extensions
2023-09-22 03:00:47.297 [info] Removed views:workbench.views.extensions.marketplace from workbench.view.extensions
2023-09-22 03:00:47.331 [info] Added views:workbench.views.extensions.installed,workbench.views.extensions.popular,extensions.recommendedList in workbench.view.extensions
2023-09-22 03:00:48.385 [info] Removed views:extensions.recommendedList,workbench.views.extensions.popular,workbench.views.extensions.installed from workbench.view.extensions
2023-09-22 03:00:48.398 [info] Added views:workbench.views.extensions.marketplace in workbench.view.extensions
